<?xml version="1.0" encoding="UTF-8"?>
<!-- Generated by org.testng.reporters.JUnitReportReporter -->
<testsuite hostname="Gangesh_007" failures="0" tests="2" name="gjha123.seleniumframework.BookingFlights" time="36.795" errors="0" timestamp="2024-10-26T23:26:52 IST" skipped="0">
  <testcase classname="gjha123.seleniumframework.BookingFlights" name="searchFlightwithInvalidData" time="6.670"/>
  <testcase classname="gjha123.seleniumframework.BookingFlights" name="bookingFlightWithHotels" time="30.125"/>
</testsuite> <!-- gjha123.seleniumframework.BookingFlights -->
