<?xml version="1.0" encoding="UTF-8"?>
<!-- Generated by org.testng.reporters.JUnitReportReporter -->
<testsuite hostname="Gangesh_007" failures="0" tests="1" name="gjha123.seleniumframework.SignIn" time="11.472" errors="0" timestamp="2024-11-02T00:12:10 IST" skipped="0">
  <testcase classname="gjha123.seleniumframework.SignIn" name="TC_01_signIn" time="11.472"/>
</testsuite> <!-- gjha123.seleniumframework.SignIn -->
