<?xml version="1.0" encoding="UTF-8"?>
<!-- Generated by org.testng.reporters.JUnitReportReporter -->
<testsuite hostname="Gangesh_007" failures="0" tests="3" name="gjha123.seleniumframework.misc.excelDataProvider" time="0.052" errors="0" timestamp="2024-10-31T21:31:42 IST" skipped="0">
  <testcase classname="gjha123.seleniumframework.misc.excelDataProvider" name="testcaseData" time="0.004"/>
  <testcase classname="gjha123.seleniumframework.misc.excelDataProvider" name="testcaseData" time="0.003"/>
  <testcase classname="gjha123.seleniumframework.misc.excelDataProvider" name="testcaseData" time="0.045"/>
</testsuite> <!-- gjha123.seleniumframework.misc.excelDataProvider -->
