<?xml version="1.0" encoding="UTF-8"?>
<!-- Generated by org.testng.reporters.JUnitReportReporter -->
<testsuite hostname="Gangesh_007" failures="0" tests="1" name="gjha123.seleniumframework.BookingFlights" time="9.912" errors="0" timestamp="2024-10-27T17:36:08 IST" skipped="0">
  <testcase classname="gjha123.seleniumframework.BookingFlights" name="searchFlightwithemptyData" time="9.912"/>
</testsuite> <!-- gjha123.seleniumframework.BookingFlights -->
