<?xml version="1.0" encoding="UTF-8"?>
<!-- Generated by org.testng.reporters.JUnitReportReporter -->
<testsuite hostname="Gangesh_007" failures="0" tests="1" name="gjha123.seleniumframework.FlightModule" time="37.028" errors="0" timestamp="2024-11-02T00:16:38 IST" skipped="0">
  <testcase classname="gjha123.seleniumframework.FlightModule" name="TC_01_searchFlight" time="37.028"/>
</testsuite> <!-- gjha123.seleniumframework.FlightModule -->
