<?xml version="1.0" encoding="UTF-8"?>
<!-- Generated by org.testng.reporters.JUnitReportReporter -->
<testsuite hostname="Gangesh_007" failures="0" tests="1" name="gjha123.seleniumframework.FlightModule" time="25.356" errors="0" timestamp="2024-10-29T00:44:24 IST" skipped="0">
  <testcase classname="gjha123.seleniumframework.FlightModule" name="TC_01_searchFlight" time="25.356"/>
</testsuite> <!-- gjha123.seleniumframework.FlightModule -->
