<?xml version="1.0" encoding="UTF-8"?>
<!-- Generated by org.testng.reporters.JUnitReportReporter -->
<testsuite hostname="Gangesh_007" failures="0" tests="2" name="gjha123.seleniumframework.BookingFlights" time="23.761" errors="0" timestamp="2024-10-27T15:23:30 IST" skipped="0">
  <testcase classname="gjha123.seleniumframework.BookingFlights" name="bookingFlightWithHotels" time="19.224"/>
  <testcase classname="gjha123.seleniumframework.BookingFlights" name="searchFlightwithemptyData" time="4.537"/>
</testsuite> <!-- gjha123.seleniumframework.BookingFlights -->
