<?xml version="1.0" encoding="UTF-8"?>
<!-- Generated by org.testng.reporters.JUnitReportReporter -->
<testsuite hostname="Gangesh_007" failures="0" tests="1" name="gjha123.seleniumframework.StandAloneTest" time="35.270" errors="0" timestamp="2024-10-26T22:57:00 IST" skipped="0">
  <testcase classname="gjha123.seleniumframework.StandAloneTest" name="bookingFlightWithHotels" time="35.270"/>
</testsuite> <!-- gjha123.seleniumframework.StandAloneTest -->
